Fantacalcio 2025/2026 - Gestione asta 2025-09-03
Crediti per squadra: 500
Numero di giocatori: 23
Squadre: [
  "Dinamo Piotr",
  "BarbASRoma",
  "Bigoni Tattici Nucleari",
  "Bridgers Team",
  "Espanyol di Ferrara",
  "Garlascoli Calcio 2007",
  "Maradona dell Incoroneta",
  "OldCastle",
  "Real Reuter",
  "simply the BRESC",
  "SMfc",
  "Smoking Brown"
]

[2025-09-03 19:22:42] "OldCastle" => "Sommer" (INT, p) - 36
[2025-09-03 19:23:44] "Espanyol di Ferrara" => "De Gea" (FIO, p) - 35
[2025-09-03 19:24:24] "Garlascoli Calcio 2007" => "Israel" (TOR, p) - 8
[2025-09-03 19:25:37] "Bigoni Tattici Nucleari" => "Svilar" (ROM, p) - 45
[2025-09-03 19:26:34] "Maradona dell Incoroneta" => "Carnesecchi" (ATA, p) - 45
[2025-09-03 19:27:23] "BarbASRoma" => "Meret" (NAP, p) - 46
[2025-09-03 19:28:29] "Smoking Brown" => "Di Gregorio" (JUV, p) - 43
[2025-09-03 19:29:24] "Dinamo Piotr" => "Maignan" (MIL, p) - 48
[2025-09-03 19:30:04] "Espanyol di Ferrara" => "Milinkovic-Savic V." (NAP, p) - 12
[2025-09-03 19:30:53] "Espanyol di Ferrara" => "Martinez Jo." (INT, p) - 3
[2025-09-03 19:32:08] "SMfc" => "Provedel" (LAZ, p) - 31
[2025-09-03 19:32:38] "Bigoni Tattici Nucleari" => "Gollini" (ROM, p) - 1
[2025-09-03 19:33:22] "Bridgers Team" => "Butez" (COM, p) - 21
[2025-09-03 19:33:58] "simply the BRESC" => "Audero" (CRE, p) - 10
[2025-09-03 19:35:01] "Real Reuter" => "Skorupski" (BOL, p) - 25
[2025-09-03 19:35:39] "Maradona dell Incoroneta" => "Rossi F." (ATA, p) - 1
[2025-09-03 19:36:22] "Real Reuter" => "Leali" (GEN, p) - 28
[2025-09-03 19:36:48] "Real Reuter" => "Mandas" (LAZ, p) - 2
[2025-09-03 19:37:38] "simply the BRESC" => "Perin" (JUV, p) - 2
[2025-09-03 19:38:32] "BarbASRoma" => "Okoye" (UDI, p) - 5
[2025-09-03 19:39:19] "Garlascoli Calcio 2007" => "Caprile" (CAG, p) - 4
[2025-09-03 19:40:15] "BarbASRoma" => "Falcone" (LEC, p) - 8
[2025-09-03 19:40:59] "Smoking Brown" => "Semper" (PIS, p) - 4
[2025-09-03 19:41:44] "OldCastle" => "Montipò" (VER, p) - 1
[2025-09-03 19:42:30] "simply the BRESC" => "Suzuki" (PAR, p) - 15
[2025-09-03 19:43:13] "SMfc" => "Sava" (UDI, p) - 5
[2025-09-03 19:43:46] "Maradona dell Incoroneta" => "Sportiello" (ATA, p) - 1
[2025-09-03 19:44:48] "Dinamo Piotr" => "Turati" (SAS, p) - 10
[2025-09-03 19:45:31] "Smoking Brown" => "Scuffet" (PIS, p) - 1
[2025-09-03 19:46:20] "Bridgers Team" => "Cavlina" (COM, p) - 1
[2025-09-03 19:46:45] "Dinamo Piotr" => "Terracciano" (MIL, p) - 1
[2025-09-03 19:47:04] "Bigoni Tattici Nucleari" => "Vasquez D." (ROM, p) - 1
[2025-09-03 19:47:30] "SMfc" => "Ravaglia F." (BOL, p) - 2
[2025-09-03 19:48:17] "Garlascoli Calcio 2007" => "Paleari" (TOR, p) - 1
[2025-09-03 19:48:55] "Bridgers Team" => "Vigorito" (COM, p) - 1
[2025-09-03 19:49:27] "OldCastle" => "Martinelli T." (FIO, p) - 1
[2025-09-03 19:57:43] "simply the BRESC" => "Vitik" (BOL, d) - 14
[2025-09-03 19:58:44] "Garlascoli Calcio 2007" => "Tavares N." (LAZ, d) - 19
[2025-09-03 19:59:42] "Maradona dell Incoroneta" => "Miranda J." (BOL, d) - 19
[2025-09-03 20:00:39] "Garlascoli Calcio 2007" => "Dodò" (FIO, d) - 22
[2025-09-03 20:01:08] "Smoking Brown" => "Mina" (CAG, d) - 6
[2025-09-03 20:01:49] "simply the BRESC" => "Dumfries" (INT, d) - 35
[2025-09-03 20:02:46] "simply the BRESC" => "Dimarco" (INT, d) - 35
[2025-09-03 20:03:57] "simply the BRESC" => "Bremer" (JUV, d) - 33
[2025-09-03 20:05:04] "Smoking Brown" => "Angelino" (ROM, d) - 29
[2025-09-03 20:06:07] "OldCastle" => "Cambiaso" (JUV, d) - 24
[2025-09-03 20:06:56] "Smoking Brown" => "Vasquez" (GEN, d) - 10
[2025-09-03 20:07:41] "Bridgers Team" => "Estupinan" (MIL, d) - 17
[2025-09-03 20:08:44] "simply the BRESC" => "Norton-Cuffy" (GEN, d) - 15
[2025-09-03 20:11:27] "Garlascoli Calcio 2007" => "Solet" (UDI, d) - 20
[2025-09-03 20:12:39] "Bridgers Team" => "Wesley" (ROM, d) - 30
[2025-09-03 20:13:18] "Smoking Brown" => "Luperto" (CAG, d) - 7
[2025-09-03 20:13:56] "SMfc" => "Palestra" (CAG, d) - 5
[2025-09-03 20:15:04] "OldCastle" => "Zortea" (BOL, d) - 17
[2025-09-03 20:16:36] "Dinamo Piotr" => "Gosens" (FIO, d) - 35
[2025-09-03 20:18:04] "Dinamo Piotr" => "Bastoni" (INT, d) - 29
[2025-09-03 20:18:44] "Espanyol di Ferrara" => "Marì" (FIO, d) - 1
[2025-09-03 20:19:48] "Bridgers Team" => "Buongiorno" (NAP, d) - 22
[2025-09-03 20:20:40] "Real Reuter" => "Lazaro" (TOR, d) - 10
[2025-09-03 20:21:37] "Maradona dell Incoroneta" => "Martin" (GEN, d) - 34
[2025-09-03 20:22:38] "Real Reuter" => "Baschirotto" (CRE, d) - 11
[2025-09-03 20:23:32] "Bridgers Team" => "Kalulu" (JUV, d) - 29
[2025-09-03 20:24:09] "Dinamo Piotr" => "Di Lorenzo" (NAP, d) - 26
[2025-09-03 20:24:50] "Smoking Brown" => "Rrahmani" (NAP, d) - 25
[2025-09-03 20:25:29] "SMfc" => "Angori" (PIS, d) - 12
[2025-09-03 20:26:19] "BarbASRoma" => "Pavlovic" (MIL, d) - 12
[2025-09-03 20:28:58] "Smoking Brown" => "Zappacosta" (ATA, d) - 14
[2025-09-03 20:29:26] "simply the BRESC" => "De Winter" (MIL, d) - 10
[2025-09-03 20:30:09] "Espanyol di Ferrara" => "Valle" (COM, d) - 15
[2025-09-03 20:31:15] "Garlascoli Calcio 2007" => "Olivera" (NAP, d) - 12
[2025-09-03 20:31:50] "Bigoni Tattici Nucleari" => "Gabbia" (MIL, d) - 11
[2025-09-03 20:32:19] "OldCastle" => "Goglichidze" (UDI, d) - 3
[2025-09-03 20:33:09] "BarbASRoma" => "Vojvoda" (COM, d) - 23
[2025-09-03 20:33:43] "Garlascoli Calcio 2007" => "Comuzzo" (FIO, d) - 9
[2025-09-03 20:34:13] "BarbASRoma" => "Ranieri L." (FIO, d) - 6
[2025-09-03 20:35:05] "SMfc" => "Muharemovic" (SAS, d) - 12
[2025-09-03 20:35:44] "Bigoni Tattici Nucleari" => "Zanoli" (UDI, d) - 6
[2025-09-03 20:36:35] "Bigoni Tattici Nucleari" => "Akanji" (INT, d) - 10
[2025-09-03 20:37:39] "Bigoni Tattici Nucleari" => "Bellanova" (ATA, d) - 16
[2025-09-03 20:38:30] "simply the BRESC" => "Gatti" (JUV, d) - 10
[2025-09-03 20:39:25] "Espanyol di Ferrara" => "Unai Nunez" (VER, d) - 1
[2025-09-03 20:40:11] "BarbASRoma" => "Mancini" (ROM, d) - 20
[2025-09-03 20:41:05] "BarbASRoma" => "Ostigard" (GEN, d) - 11
[2025-09-03 20:41:45] "Bridgers Team" => "Beukema" (NAP, d) - 6
[2025-09-03 20:42:32] "SMfc" => "Joao Mario" (JUV, d) - 6
[2025-09-03 20:43:16] "Garlascoli Calcio 2007" => "Ramon" (COM, d) - 16
[2025-09-03 20:43:46] "Maradona dell Incoroneta" => "Circati" (PAR, d) - 3
[2025-09-03 20:44:18] "BarbASRoma" => "Gaspar K." (LEC, d) - 5
[2025-09-03 20:44:55] "simply the BRESC" => "Tomori" (MIL, d) - 5
[2025-09-03 20:45:46] "Real Reuter" => "Kelly L." (JUV, d) - 3
[2025-09-03 20:46:32] "OldCastle" => "Valeri" (PAR, d) - 11
[2025-09-03 20:47:16] "Maradona dell Incoroneta" => "Romagnoli" (LAZ, d) - 3
[2025-09-03 20:47:55] "Espanyol di Ferrara" => "Coco" (TOR, d) - 10
[2025-09-03 20:48:27] "Dinamo Piotr" => "N'Dicka" (ROM, d) - 5
[2025-09-03 20:49:08] "Bigoni Tattici Nucleari" => "Carlos Augusto" (INT, d) - 5
[2025-09-03 20:49:35] "SMfc" => "Doig" (SAS, d) - 4
[2025-09-03 20:50:02] "Garlascoli Calcio 2007" => "Maripan" (TOR, d) - 1
[2025-09-03 20:50:37] "Maradona dell Incoroneta" => "Scalvini" (ATA, d) - 6
[2025-09-03 20:51:54] "SMfc" => "Delprato" (PAR, d) - 12
[2025-09-03 20:52:33] "BarbASRoma" => "Ahanor" (ATA, d) - 6
[2025-09-03 20:53:13] "Bridgers Team" => "Kossounou" (ATA, d) - 4
[2025-09-03 20:54:05] "BarbASRoma" => "Canestrelli" (PIS, d) - 3
[2025-09-03 20:54:32] "Bridgers Team" => "Ghilardi" (ROM, d) - 1
[2025-09-03 20:55:20] "Espanyol di Ferrara" => "Albiol" (PIS, d) - 5
[2025-09-03 20:56:09] "Real Reuter" => "Biraghi" (TOR, d) - 4
[2025-09-03 20:56:50] "Real Reuter" => "Pezzella Giu." (CRE, d) - 6
[2025-09-03 20:57:14] "Real Reuter" => "Terracciano F." (CRE, d) - 2
[2025-09-03 20:57:56] "Espanyol di Ferrara" => "Gila" (LAZ, d) - 15
[2025-09-03 20:58:21] "Maradona dell Incoroneta" => "Lykogiannis" (BOL, d) - 1
[2025-09-03 21:00:04] "Smoking Brown" => "Marusic" (LAZ, d) - 6
[2025-09-03 21:00:35] "SMfc" => "Troilo" (PAR, d) - 1
[2025-09-03 21:01:20] "Smoking Brown" => "Gallo" (LEC, d) - 3
[2025-09-03 21:01:57] "Garlascoli Calcio 2007" => "Lucumì" (BOL, d) - 3
[2025-09-03 21:02:29] "Espanyol di Ferrara" => "Gutierrez" (NAP, d) - 4
[2025-09-03 21:04:24] "Dinamo Piotr" => "Hien" (ATA, d) - 12
[2025-09-03 21:04:51] "Bigoni Tattici Nucleari" => "Bertola" (UDI, d) - 1
[2025-09-03 21:05:28] "OldCastle" => "Ismajli" (TOR, d) - 3
[2025-09-03 21:05:50] "SMfc" => "Acerbi" (INT, d) - 2
[2025-09-03 21:06:15] "Maradona dell Incoroneta" => "Zappa" (CAG, d) - 1
[2025-09-03 21:06:52] "OldCastle" => "Kristensen T." (UDI, d) - 4
[2025-09-03 21:07:25] "Smoking Brown" => "Kolasinac" (ATA, d) - 3
[2025-09-03 21:08:37] "Bridgers Team" => "Cuadrado" (PIS, d) - 1
[2025-09-03 21:09:05] "Espanyol di Ferrara" => "Floriani Mussolini" (CRE, d) - 1
[2025-09-03 21:09:58] "OldCastle" => "Holm" (BOL, d) - 6
[2025-09-03 21:10:23] "Bigoni Tattici Nucleari" => "Posch" (COM, d) - 1
[2025-09-03 21:10:51] "OldCastle" => "Zemura" (UDI, d) - 1
[2025-09-03 21:11:41] "Garlascoli Calcio 2007" => "Bisseck" (INT, d) - 3
[2025-09-03 21:12:33] "Real Reuter" => "Djimsiti" (ATA, d) - 1
[2025-09-03 21:13:45] "Dinamo Piotr" => "Kempf" (COM, d) - 1
[2025-09-03 21:14:04] "Real Reuter" => "Bianchetti" (CRE, d) - 1
[2025-09-03 21:14:42] "Dinamo Piotr" => "De Vrij" (INT, d) - 1
[2025-09-03 21:15:13] "Dinamo Piotr" => "Kamara H." (UDI, d) - 1
[2025-09-03 21:18:09] "Bigoni Tattici Nucleari" => "Orsolini" (BOL, c) - 80
[2025-09-03 21:19:16] "Maradona dell Incoroneta" => "McTominay" (NAP, c) - 92
[2025-09-03 21:20:25] "Smoking Brown" => "Paz N." (COM, c) - 93
[2025-09-03 21:21:11] "Garlascoli Calcio 2007" => "Zhegrova" (JUV, c) - 26
[2025-09-03 21:22:28] "BarbASRoma" => "Zaccagni" (LAZ, c) - 97
[2025-09-03 21:23:53] "Garlascoli Calcio 2007" => "Barella" (INT, c) - 38
[2025-09-03 21:25:13] "SMfc" => "Vlasic" (TOR, c) - 33
[2025-09-03 21:26:55] "Dinamo Piotr" => "Calhanoglu" (INT, c) - 41
[2025-09-03 21:28:37] "OldCastle" => "De Bruyne" (NAP, c) - 82
[2025-09-03 21:29:22] "simply the BRESC" => "Modric" (MIL, c) - 20
[2025-09-03 21:30:00] "simply the BRESC" => "Mandragora" (FIO, c) - 12
[2025-09-03 21:31:01] "SMfc" => "Gudmundsson A." (FIO, c) - 61
[2025-09-03 21:31:49] "Real Reuter" => "Pulisic" (MIL, c) - 78
[2025-09-03 21:32:41] "Bridgers Team" => "Conceicao" (JUV, c) - 42
[2025-09-03 21:33:16] "simply the BRESC" => "Zaniolo" (UDI, c) - 8
[2025-09-03 21:35:03] "BarbASRoma" => "Politano" (NAP, c) - 70
[2025-09-03 21:36:07] "simply the BRESC" => "Thuram K." (JUV, c) - 45
[2025-09-03 21:36:50] "Bigoni Tattici Nucleari" => "Loftus-Cheek" (MIL, c) - 12
[2025-09-03 21:37:41] "OldCastle" => "Carboni V." (GEN, c) - 22
[2025-09-03 21:38:31] "Bridgers Team" => "Koopmeiners" (JUV, c) - 16
[2025-09-03 21:40:04] "Garlascoli Calcio 2007" => "Odgaard" (BOL, c) - 45
[2025-09-03 21:40:47] "Garlascoli Calcio 2007" => "Rabiot" (MIL, c) - 31
[2025-09-03 21:41:38] "Smoking Brown" => "Sohm" (FIO, c) - 11
[2025-09-03 21:42:34] "BarbASRoma" => "Thorstvedt" (SAS, c) - 12
[2025-09-03 21:43:22] "Bigoni Tattici Nucleari" => "Frendrup" (GEN, c) - 7
[2025-09-03 21:44:14] "Smoking Brown" => "Konè M." (ROM, c) - 17
[2025-09-03 21:45:16] "SMfc" => "Tramoni M." (PIS, c) - 25
[2025-09-03 21:46:24] "Garlascoli Calcio 2007" => "Ederson D.S." (ATA, c) - 21
[2025-09-03 21:47:18] "Maradona dell Incoroneta" => "De Roon" (ATA, c) - 11
[2025-09-03 21:47:56] "Bigoni Tattici Nucleari" => "Gaetano" (CAG, c) - 11
[2025-09-03 21:49:09] "OldCastle" => "Sucic P." (INT, c) - 16
[2025-09-03 21:50:02] "BarbASRoma" => "Neres" (NAP, c) - 13
[2025-09-03 21:50:30] "simply the BRESC" => "Locatelli" (JUV, c) - 8
[2025-09-03 21:51:18] "Smoking Brown" => "Guendouzi" (LAZ, c) - 6
[2025-09-03 21:51:48] "Espanyol di Ferrara" => "Bernabè" (PAR, c) - 5
[2025-09-03 21:53:09] "Dinamo Piotr" => "Zambo Anguissa" (NAP, c) - 40
[2025-09-03 21:53:52] "Bigoni Tattici Nucleari" => "El Aynaoui" (ROM, c) - 5
[2025-09-03 21:54:45] "Bigoni Tattici Nucleari" => "Zerbin" (CRE, c) - 2
[2025-09-03 21:55:13] "simply the BRESC" => "Fagioli" (FIO, c) - 1
[2025-09-03 21:55:54] "Bridgers Team" => "Casadei" (TOR, c) - 16
[2025-09-03 21:56:35] "Maradona dell Incoroneta" => "Volpato" (SAS, c) - 3
[2025-09-03 21:57:18] "Bridgers Team" => "Pasalic" (ATA, c) - 14
[2025-09-03 21:58:07] "Bridgers Team" => "Baturina" (COM, c) - 14
[2025-09-03 21:58:50] "simply the BRESC" => "Jashari" (MIL, c) - 2
[2025-09-03 21:59:23] "SMfc" => "Mkhitaryan" (INT, c) - 2
[2025-09-03 22:00:01] "Real Reuter" => "Folorunsho" (CAG, c) - 5
[2025-09-03 22:00:40] "Bridgers Team" => "Maldini" (ATA, c) - 10
[2025-09-03 22:01:01] "Dinamo Piotr" => "Bailey" (ROM, c) - 1
[2025-09-03 22:01:25] "Dinamo Piotr" => "Freuler" (BOL, c) - 3
[2025-09-03 22:02:09] "Bridgers Team" => "Rowe" (BOL, c) - 12
[2025-09-03 22:03:07] "Dinamo Piotr" => "Rovella" (LAZ, c) - 8
[2025-09-03 22:03:40] "BarbASRoma" => "Gronbaek" (GEN, c) - 5
[2025-09-03 22:04:22] "Maradona dell Incoroneta" => "Ferguson" (BOL, c) - 5
[2025-09-03 22:04:44] "Dinamo Piotr" => "Zalewski" (ATA, c) - 3
[2025-09-03 22:05:10] "SMfc" => "Collocolo" (CRE, c) - 1
[2025-09-03 22:06:21] "Real Reuter" => "Atta" (UDI, c) - 23
[2025-09-03 22:07:46] "Smoking Brown" => "Saelemaekers" (MIL, c) - 20
[2025-09-03 22:09:05] "Dinamo Piotr" => "Isaksen" (LAZ, c) - 41
[2025-09-03 22:09:25] "Espanyol di Ferrara" => "Sergi Roberto" (COM, c) - 1
[2025-09-03 22:10:34] "OldCastle" => "Vandeputte" (CRE, c) - 21
[2025-09-03 22:11:24] "SMfc" => "Da Cunha" (COM, c) - 9
[2025-09-03 22:11:50] "OldCastle" => "Perrone" (COM, c) - 1
[2025-09-03 22:12:12] "simply the BRESC" => "Coulibaly L." (LEC, c) - 1
[2025-09-03 22:12:38] "Real Reuter" => "Dele-Bashiru" (LAZ, c) - 5
[2025-09-03 22:13:27] "Smoking Brown" => "Samardzic" (ATA, c) - 6
[2025-09-03 22:13:54] "Smoking Brown" => "Stanciu" (GEN, c) - 8
[2025-09-03 22:14:44] "SMfc" => "El Shaarawy" (ROM, c) - 13
[2025-09-03 22:15:07] "Smoking Brown" => "Pierotti" (LEC, c) - 1
[2025-09-03 22:15:53] "BarbASRoma" => "Lovric" (UDI, c) - 7
[2025-09-03 22:16:36] "Bridgers Team" => "Frattesi" (INT, c) - 3
[2025-09-03 22:16:52] "Espanyol di Ferrara" => "Tete Morente" (LEC, c) - 1
[2025-09-03 22:17:10] "Dinamo Piotr" => "Fazzini" (FIO, c) - 1
[2025-09-03 22:18:05] "Bigoni Tattici Nucleari" => "Cristante" (ROM, c) - 1
[2025-09-03 22:18:24] "OldCastle" => "Aebischer" (PIS, c) - 1
[2025-09-03 22:19:01] "Garlascoli Calcio 2007" => "Stengs" (PIS, c) - 1
[2025-09-03 22:19:32] "Maradona dell Incoroneta" => "Elmas" (NAP, c) - 3
[2025-09-03 22:19:55] "Real Reuter" => "Lobotka" (NAP, c) - 1
[2025-09-03 22:20:29] "SMfc" => "Vazquez" (CRE, c) - 3
[2025-09-03 22:20:58] "BarbASRoma" => "Ilic" (TOR, c) - 1
[2025-09-03 22:21:38] "Espanyol di Ferrara" => "Oristanio" (PAR, c) - 13
[2025-09-03 22:22:38] "Real Reuter" => "Karlstrom" (UDI, c) - 2
[2025-09-03 22:22:55] "OldCastle" => "Ricci S." (MIL, c) - 1
[2025-09-03 22:23:19] "Garlascoli Calcio 2007" => "Caqueret" (COM, c) - 1
[2025-09-03 22:23:41] "Maradona dell Incoroneta" => "Miller L." (UDI, c) - 1
[2025-09-03 22:24:18] "Real Reuter" => "Anjorin" (TOR, c) - 3
[2025-09-03 22:25:23] "BarbASRoma" => "Fabbian" (BOL, c) - 1
[2025-09-03 22:25:43] "Espanyol di Ferrara" => "Santiago" (VER, c) - 1
[2025-09-03 22:26:02] "Bigoni Tattici Nucleari" => "Nicolussi Caviglia" (FIO, c) - 1
[2025-09-03 22:26:26] "OldCastle" => "Asllani" (TOR, c) - 1
[2025-09-03 22:26:50] "Garlascoli Calcio 2007" => "Serdar" (VER, c) - 1
[2025-09-03 22:27:13] "Maradona dell Incoroneta" => "Pobega" (BOL, c) - 1
[2025-09-03 22:27:33] "Real Reuter" => "Sottil" (LEC, c) - 1
[2025-09-03 22:28:03] "Maradona dell Incoroneta" => "Pellegrini Lo." (ROM, c) - 1
[2025-09-03 22:28:21] "Espanyol di Ferrara" => "Sala A." (LEC, c) - 1
[2025-09-03 22:28:36] "Espanyol di Ferrara" => "Zarraga" (UDI, c) - 1
[2025-09-03 22:28:52] "Espanyol di Ferrara" => "Bernardeschi" (BOL, c) - 1
[2025-09-03 22:32:52] "OldCastle" => "Martinez L." (INT, a) - 192
[2025-09-03 22:33:19] "simply the BRESC" => "Zapata D." (TOR, a) - 40
[2025-09-03 22:34:57] "Maradona dell Incoroneta" => "Scamacca" (ATA, a) - 87
[2025-09-03 22:35:47] "Espanyol di Ferrara" => "Kean" (FIO, a) - 215
[2025-09-03 22:38:20] "Smoking Brown" => "Castellanos" (LAZ, a) - 131
[2025-09-03 22:39:22] "Bigoni Tattici Nucleari" => "Thuram" (INT, a) - 86
[2025-09-03 22:40:41] "Bigoni Tattici Nucleari" => "Castro S." (BOL, a) - 59
[2025-09-03 22:42:51] "SMfc" => "David" (JUV, a) - 111
[2025-09-03 22:44:05] "Bridgers Team" => "Leao" (MIL, a) - 110
[2025-09-03 22:45:18] "Real Reuter" => "Yildiz" (JUV, a) - 101
[2025-09-03 22:46:54] "Bigoni Tattici Nucleari" => "Hojlund" (NAP, a) - 103
[2025-09-03 22:48:25] "Espanyol di Ferrara" => "Diao" (COM, a) - 105
[2025-09-03 22:49:44] "Smoking Brown" => "Soulè" (ROM, a) - 66
[2025-09-03 22:50:50] "Bridgers Team" => "Immobile" (BOL, a) - 51
[2025-09-03 22:51:51] "Real Reuter" => "Rodriguez Je." (COM, a) - 21
[2025-09-03 22:52:59] "simply the BRESC" => "Vardy" (CRE, a) - 90
[2025-09-03 22:54:08] "Garlascoli Calcio 2007" => "Ferguson E." (ROM, a) - 82
[2025-09-03 22:55:28] "Dinamo Piotr" => "Dybala" (ROM, a) - 85
[2025-09-03 22:56:53] "Maradona dell Incoroneta" => "Douvikas" (COM, a) - 53
[2025-09-03 22:57:47] "SMfc" => "Pinamonti" (SAS, a) - 30
[2025-09-03 22:58:22] "Garlascoli Calcio 2007" => "Nkunku" (MIL, a) - 7
[2025-09-03 22:59:04] "simply the BRESC" => "Vlahovic" (JUV, a) - 70
[2025-09-03 23:00:08] "Real Reuter" => "Lang" (NAP, a) - 2
[2025-09-03 23:00:48] "Maradona dell Incoroneta" => "Pedro" (LAZ, a) - 16
[2025-09-03 23:01:47] "Dinamo Piotr" => "Piccoli" (FIO, a) - 50
[2025-09-03 23:02:44] "Bridgers Team" => "Lookman" (ATA, a) - 22
[2025-09-03 23:03:30] "Espanyol di Ferrara" => "Morata" (COM, a) - 30
[2025-09-03 23:04:53] "Bridgers Team" => "Colombo" (GEN, a) - 52
[2025-09-03 23:06:26] "Garlascoli Calcio 2007" => "Krstovic" (ATA, a) - 75
[2025-09-03 23:07:11] "BarbASRoma" => "Bonny" (INT, a) - 11
[2025-09-03 23:07:48] "SMfc" => "Lucca" (NAP, a) - 10
[2025-09-03 23:09:07] "BarbASRoma" => "Davis K." (UDI, a) - 75
[2025-09-03 23:09:56] "SMfc" => "Gimenez" (MIL, a) - 40
[2025-09-03 23:11:40] "OldCastle" => "De Ketelaere" (ATA, a) - 52
[2025-09-03 23:12:34] "SMfc" => "Dovbyk" (ROM, a) - 22
[2025-09-03 23:13:10] "simply the BRESC" => "Bravo" (UDI, a) - 6
[2025-09-03 23:15:05] "Garlascoli Calcio 2007" => "Berardi" (SAS, a) - 74
[2025-09-03 23:15:42] "simply the BRESC" => "Stulic" (LEC, a) - 8
[2025-09-03 23:16:01] "OldCastle" => "Cambiaghi" (BOL, a) - 1
[2025-09-03 23:17:40] "Dinamo Piotr" => "Pellegrino M." (PAR, a) - 50
[2025-09-03 23:18:56] "simply the BRESC" => "Orban G." (VER, a) - 5
[2025-09-03 23:19:58] "Maradona dell Incoroneta" => "Dzeko" (FIO, a) - 19
[2025-09-03 23:20:21] "BarbASRoma" => "Luvumbo" (CAG, a) - 2
[2025-09-03 23:20:43] "SMfc" => "Nzola" (PIS, a) - 5
[2025-09-03 23:21:24] "Espanyol di Ferrara" => "Esposito Se." (CAG, a) - 6
[2025-09-03 23:21:45] "BarbASRoma" => "Simeone" (TOR, a) - 1
[2025-09-03 23:22:07] "Bridgers Team" => "Camarda" (LEC, a) - 1
[2025-09-03 23:22:40] "Espanyol di Ferrara" => "Esposito F.P." (INT, a) - 5
[2025-09-03 23:22:57] "Dinamo Piotr" => "Adams C." (TOR, a) - 1
[2025-09-03 23:23:38] "BarbASRoma" => "Giovane" (VER, a) - 10
[2025-09-03 23:24:11] "Real Reuter" => "Laurientè" (SAS, a) - 7
[2025-09-03 23:24:40] "Smoking Brown" => "Openda" (JUV, a) - 11
[2025-09-03 23:25:11] "Maradona dell Incoroneta" => "Dia" (LAZ, a) - 5
[2025-09-03 23:25:48] "Real Reuter" => "Belotti" (CAG, a) - 5
[2025-09-03 23:26:29] "BarbASRoma" => "Sanabria" (CRE, a) - 5
[2025-09-03 23:27:24] "Bridgers Team" => "Buksa" (UDI, a) - 1
[2025-09-03 23:28:12] "Espanyol di Ferrara" => "Vitinha O." (GEN, a) - 3
[2025-09-03 23:28:59] "Dinamo Piotr" => "Sarr A." (VER, a) - 1
[2025-09-03 23:29:25] "Bigoni Tattici Nucleari" => "Kuhn" (COM, a) - 1
[2025-09-03 23:29:45] "OldCastle" => "Ngonge" (TOR, a) - 1
[2025-09-03 23:30:06] "Dinamo Piotr" => "Cutrone" (PAR, a) - 4
[2025-09-03 23:30:31] "Maradona dell Incoroneta" => "Sulemana K." (ATA, a) - 1
[2025-09-03 23:30:59] "Real Reuter" => "Lukaku" (NAP, a) - 3
[2025-09-03 23:31:59] "Smoking Brown" => "Cancellieri" (LAZ, a) - 1
[2025-09-03 23:33:03] "Bigoni Tattici Nucleari" => "Addai" (COM, a) - 1
[2025-09-03 23:33:23] "Smoking Brown" => "De Luca" (CRE, a) - 2
[2025-09-03 23:33:53] "Garlascoli Calcio 2007" => "Bayo V." (UDI, a) - 1
[2025-09-03 23:34:22] "Smoking Brown" => "Aboukhlal" (TOR, a) - 1
[2025-09-03 23:34:50] "Bigoni Tattici Nucleari" => "Mosquera" (VER, a) - 1
[2025-09-03 23:35:19] "OldCastle" => "Dominguez B." (BOL, a) - 1
[2025-09-03 23:35:39] "Garlascoli Calcio 2007" => "Borrelli" (CAG, a) - 1
[2025-09-03 23:35:57] "OldCastle" => "Meister" (PIS, a) - 1
