Fantacalcio 2025/2026 - Gestione asta 2025-09-05
Crediti per squadra: 500
Numero di giocatori: 23
Squadre: [
  "Dinamo Piotr",
  "BarbASRoma",
  "Bigoni Tattici Nucleari",
  "Bridgers Team",
  "Espanyol di Ferrara",
  "Garlascoli Calcio 2007",
  "Maradona dell Incoroneta",
  "OldCastle",
  "Real Reuter",
  "simply the BRESC",
  "SMfc",
  "Smoking Brown"
]

[2025-09-05 14:04:49] "Dinamo Piotr" => "Martinez L." (INT, a) - 25
[2025-09-05 14:05:00] "Dinamo Piotr" => "Martinez L." (INT, a) - 25
[2025-09-05 14:05:36] "Maradona dell Incoroneta" => "Orsolini" (BOL, c) - 50
[2025-09-05 14:06:52] "Real Reuter" => "Calhanoglu" (INT, c) - 200
